Analysis & Synthesis report for top
Tue Aug 12 09:22:50 2025
Quartus Prime Version 23.1std.0 Build 991 11/28/2023 SC Lite Edition


---------------------
; Table of Contents ;
---------------------
  1. Legal Notice
  2. Analysis & Synthesis Summary
  3. Analysis & Synthesis Settings
  4. Parallel Compilation
  5. Analysis & Synthesis Source Files Read
  6. Analysis & Synthesis Resource Usage Summary
  7. Analysis & Synthesis Resource Utilization by Entity
  8. User-Specified and Inferred Latches
  9. General Register Statistics
 10. Inverted Register Statistics
 11. Multiplexer Restructuring Statistics (Restructuring Performed)
 12. Port Connectivity Checks: "decode:decode_month"
 13. Port Connectivity Checks: "decode:decode_day"
 14. Port Connectivity Checks: "decode:decode_hour"
 15. Port Connectivity Checks: "decode:decode_min"
 16. Port Connectivity Checks: "decode:decode_sec"
 17. Port Connectivity Checks: "years:years"
 18. Post-Synthesis Netlist Statistics for Top Partition
 19. Elapsed Time Per Partition
 20. Analysis & Synthesis Messages
 21. Analysis & Synthesis Suppressed Messages



----------------
; Legal Notice ;
----------------
Copyright (C) 2023  Intel Corporation. All rights reserved.
Your use of Intel Corporation's design tools, logic functions 
and other software and tools, and any partner logic 
functions, and any output files from any of the foregoing 
(including device programming or simulation files), and any 
associated documentation or information are expressly subject 
to the terms and conditions of the Intel Program License 
Subscription Agreement, the Intel Quartus Prime License Agreement,
the Intel FPGA IP License Agreement, or other applicable license
agreement, including, without limitation, that your use is for
the sole purpose of programming logic devices manufactured by
Intel and sold by Intel or its authorized distributors.  Please
refer to the applicable agreement for further details, at
https://fpgasoftware.intel.com/eula.



+-------------------------------------------------------------------------------------+
; Analysis & Synthesis Summary                                                        ;
+------------------------------------+------------------------------------------------+
; Analysis & Synthesis Status        ; Successful - Tue Aug 12 09:22:50 2025          ;
; Quartus Prime Version              ; 23.1std.0 Build 991 11/28/2023 SC Lite Edition ;
; Revision Name                      ; top                                            ;
; Top-level Entity Name              ; top                                            ;
; Family                             ; Cyclone IV E                                   ;
; Total logic elements               ; 407                                            ;
;     Total combinational functions  ; 407                                            ;
;     Dedicated logic registers      ; 68                                             ;
; Total registers                    ; 68                                             ;
; Total pins                         ; 64                                             ;
; Total virtual pins                 ; 0                                              ;
; Total memory bits                  ; 0                                              ;
; Embedded Multiplier 9-bit elements ; 0                                              ;
; Total PLLs                         ; 0                                              ;
+------------------------------------+------------------------------------------------+


+------------------------------------------------------------------------------------------------------------+
; Analysis & Synthesis Settings                                                                              ;
+------------------------------------------------------------------+--------------------+--------------------+
; Option                                                           ; Setting            ; Default Value      ;
+------------------------------------------------------------------+--------------------+--------------------+
; Device                                                           ; EP4CE115F29C7      ;                    ;
; Top-level entity name                                            ; top                ; top                ;
; Family name                                                      ; Cyclone IV E       ; Cyclone V          ;
; Use smart compilation                                            ; Off                ; Off                ;
; Enable parallel Assembler and Timing Analyzer during compilation ; On                 ; On                 ;
; Enable compact report table                                      ; Off                ; Off                ;
; Restructure Multiplexers                                         ; Auto               ; Auto               ;
; Create Debugging Nodes for IP Cores                              ; Off                ; Off                ;
; Preserve fewer node names                                        ; On                 ; On                 ;
; Intel FPGA IP Evaluation Mode                                    ; Enable             ; Enable             ;
; Verilog Version                                                  ; Verilog_2001       ; Verilog_2001       ;
; VHDL Version                                                     ; VHDL_1993          ; VHDL_1993          ;
; State Machine Processing                                         ; Auto               ; Auto               ;
; Safe State Machine                                               ; Off                ; Off                ;
; Extract Verilog State Machines                                   ; On                 ; On                 ;
; Extract VHDL State Machines                                      ; On                 ; On                 ;
; Ignore Verilog initial constructs                                ; Off                ; Off                ;
; Iteration limit for constant Verilog loops                       ; 5000               ; 5000               ;
; Iteration limit for non-constant Verilog loops                   ; 250                ; 250                ;
; Add Pass-Through Logic to Inferred RAMs                          ; On                 ; On                 ;
; Infer RAMs from Raw Logic                                        ; On                 ; On                 ;
; Parallel Synthesis                                               ; On                 ; On                 ;
; DSP Block Balancing                                              ; Auto               ; Auto               ;
; NOT Gate Push-Back                                               ; On                 ; On                 ;
; Power-Up Don't Care                                              ; On                 ; On                 ;
; Remove Redundant Logic Cells                                     ; Off                ; Off                ;
; Remove Duplicate Registers                                       ; On                 ; On                 ;
; Ignore CARRY Buffers                                             ; Off                ; Off                ;
; Ignore CASCADE Buffers                                           ; Off                ; Off                ;
; Ignore GLOBAL Buffers                                            ; Off                ; Off                ;
; Ignore ROW GLOBAL Buffers                                        ; Off                ; Off                ;
; Ignore LCELL Buffers                                             ; Off                ; Off                ;
; Ignore SOFT Buffers                                              ; On                 ; On                 ;
; Limit AHDL Integers to 32 Bits                                   ; Off                ; Off                ;
; Optimization Technique                                           ; Balanced           ; Balanced           ;
; Carry Chain Length                                               ; 70                 ; 70                 ;
; Auto Carry Chains                                                ; On                 ; On                 ;
; Auto Open-Drain Pins                                             ; On                 ; On                 ;
; Perform WYSIWYG Primitive Resynthesis                            ; Off                ; Off                ;
; Auto ROM Replacement                                             ; On                 ; On                 ;
; Auto RAM Replacement                                             ; On                 ; On                 ;
; Auto DSP Block Replacement                                       ; On                 ; On                 ;
; Auto Shift Register Replacement                                  ; Auto               ; Auto               ;
; Allow Shift Register Merging across Hierarchies                  ; Auto               ; Auto               ;
; Auto Clock Enable Replacement                                    ; On                 ; On                 ;
; Strict RAM Replacement                                           ; Off                ; Off                ;
; Allow Synchronous Control Signals                                ; On                 ; On                 ;
; Force Use of Synchronous Clear Signals                           ; Off                ; Off                ;
; Auto RAM Block Balancing                                         ; On                 ; On                 ;
; Auto RAM to Logic Cell Conversion                                ; Off                ; Off                ;
; Auto Resource Sharing                                            ; Off                ; Off                ;
; Allow Any RAM Size For Recognition                               ; Off                ; Off                ;
; Allow Any ROM Size For Recognition                               ; Off                ; Off                ;
; Allow Any Shift Register Size For Recognition                    ; Off                ; Off                ;
; Use LogicLock Constraints during Resource Balancing              ; On                 ; On                 ;
; Ignore translate_off and synthesis_off directives                ; Off                ; Off                ;
; Timing-Driven Synthesis                                          ; On                 ; On                 ;
; Report Parameter Settings                                        ; On                 ; On                 ;
; Report Source Assignments                                        ; On                 ; On                 ;
; Report Connectivity Checks                                       ; On                 ; On                 ;
; Ignore Maximum Fan-Out Assignments                               ; Off                ; Off                ;
; Synchronization Register Chain Length                            ; 2                  ; 2                  ;
; Power Optimization During Synthesis                              ; Normal compilation ; Normal compilation ;
; HDL message level                                                ; Level2             ; Level2             ;
; Suppress Register Optimization Related Messages                  ; Off                ; Off                ;
; Number of Removed Registers Reported in Synthesis Report         ; 5000               ; 5000               ;
; Number of Swept Nodes Reported in Synthesis Report               ; 5000               ; 5000               ;
; Number of Inverted Registers Reported in Synthesis Report        ; 100                ; 100                ;
; Clock MUX Protection                                             ; On                 ; On                 ;
; Auto Gated Clock Conversion                                      ; Off                ; Off                ;
; Block Design Naming                                              ; Auto               ; Auto               ;
; SDC constraint protection                                        ; Off                ; Off                ;
; Synthesis Effort                                                 ; Auto               ; Auto               ;
; Shift Register Replacement - Allow Asynchronous Clear Signal     ; On                 ; On                 ;
; Pre-Mapping Resynthesis Optimization                             ; Off                ; Off                ;
; Analysis & Synthesis Message Level                               ; Medium             ; Medium             ;
; Disable Register Merging Across Hierarchies                      ; Auto               ; Auto               ;
; Resource Aware Inference For Block RAM                           ; On                 ; On                 ;
+------------------------------------------------------------------+--------------------+--------------------+


+------------------------------------------+
; Parallel Compilation                     ;
+----------------------------+-------------+
; Processors                 ; Number      ;
+----------------------------+-------------+
; Number detected on machine ; 22          ;
; Maximum allowed            ; 16          ;
;                            ;             ;
; Average used               ; 1.00        ;
; Maximum used               ; 16          ;
;                            ;             ;
; Usage by Processor         ; % Time Used ;
;     Processor 1            ; 100.0%      ;
;     Processor 2            ;   0.0%      ;
;     Processors 3-16        ;   0.0%      ;
+----------------------------+-------------+


+------------------------------------------------------------------------------------------------------------------------------------------------------------+
; Analysis & Synthesis Source Files Read                                                                                                                     ;
+----------------------------------+-----------------+------------------------+--------------------------------------------------------------------+---------+
; File Name with User-Entered Path ; Used in Netlist ; File Type              ; File Name with Absolute Path                                       ; Library ;
+----------------------------------+-----------------+------------------------+--------------------------------------------------------------------+---------+
; ../hdl/year/years.v              ; yes             ; User Verilog HDL File  ; D:/DIGITAL_DESIGN/FPGA_trainning/clock_centry/hdl/year/years.v     ;         ;
; ../hdl/top/top.v                 ; yes             ; User Verilog HDL File  ; D:/DIGITAL_DESIGN/FPGA_trainning/clock_centry/hdl/top/top.v        ;         ;
; ../hdl/second/tick.v             ; yes             ; User Verilog HDL File  ; D:/DIGITAL_DESIGN/FPGA_trainning/clock_centry/hdl/second/tick.v    ;         ;
; ../hdl/second/seconds.v          ; yes             ; User Verilog HDL File  ; D:/DIGITAL_DESIGN/FPGA_trainning/clock_centry/hdl/second/seconds.v ;         ;
; ../hdl/month/months.v            ; yes             ; User Verilog HDL File  ; D:/DIGITAL_DESIGN/FPGA_trainning/clock_centry/hdl/month/months.v   ;         ;
; ../hdl/minute/minutes.v          ; yes             ; User Verilog HDL File  ; D:/DIGITAL_DESIGN/FPGA_trainning/clock_centry/hdl/minute/minutes.v ;         ;
; ../hdl/led7/led7seg.v            ; yes             ; User Verilog HDL File  ; D:/DIGITAL_DESIGN/FPGA_trainning/clock_centry/hdl/led7/led7seg.v   ;         ;
; ../hdl/led7/decode.v             ; yes             ; User Verilog HDL File  ; D:/DIGITAL_DESIGN/FPGA_trainning/clock_centry/hdl/led7/decode.v    ;         ;
; ../hdl/hour/hours.v              ; yes             ; User Verilog HDL File  ; D:/DIGITAL_DESIGN/FPGA_trainning/clock_centry/hdl/hour/hours.v     ;         ;
; ../hdl/day/days.v                ; yes             ; User Verilog HDL File  ; D:/DIGITAL_DESIGN/FPGA_trainning/clock_centry/hdl/day/days.v       ;         ;
+----------------------------------+-----------------+------------------------+--------------------------------------------------------------------+---------+


+------------------------------------------------------------------+
; Analysis & Synthesis Resource Usage Summary                      ;
+---------------------------------------------+--------------------+
; Resource                                    ; Usage              ;
+---------------------------------------------+--------------------+
; Estimated Total logic elements              ; 407                ;
;                                             ;                    ;
; Total combinational functions               ; 407                ;
; Logic element usage by number of LUT inputs ;                    ;
;     -- 4 input functions                    ; 223                ;
;     -- 3 input functions                    ; 112                ;
;     -- <=2 input functions                  ; 72                 ;
;                                             ;                    ;
; Logic elements by mode                      ;                    ;
;     -- normal mode                          ; 351                ;
;     -- arithmetic mode                      ; 56                 ;
;                                             ;                    ;
; Total registers                             ; 68                 ;
;     -- Dedicated logic registers            ; 68                 ;
;     -- I/O registers                        ; 0                  ;
;                                             ;                    ;
; I/O pins                                    ; 64                 ;
;                                             ;                    ;
; Embedded Multiplier 9-bit elements          ; 0                  ;
;                                             ;                    ;
; Maximum fan-out node                        ; swap_display~input ;
; Maximum fan-out                             ; 72                 ;
; Total fan-out                               ; 1785               ;
; Average fan-out                             ; 2.96               ;
+---------------------------------------------+--------------------+


+---------------------------------------------------------------------------------------------------------------------------------------------------------------------------------------------------------------------------+
; Analysis & Synthesis Resource Utilization by Entity                                                                                                                                                                       ;
+---------------------------------+---------------------+---------------------------+-------------+--------------+---------+-----------+------+--------------+---------------------------------+-------------+--------------+
; Compilation Hierarchy Node      ; Combinational ALUTs ; Dedicated Logic Registers ; Memory Bits ; DSP Elements ; DSP 9x9 ; DSP 18x18 ; Pins ; Virtual Pins ; Full Hierarchy Name             ; Entity Name ; Library Name ;
+---------------------------------+---------------------+---------------------------+-------------+--------------+---------+-----------+------+--------------+---------------------------------+-------------+--------------+
; |top                            ; 407 (69)            ; 68 (0)                    ; 0           ; 0            ; 0       ; 0         ; 64   ; 0            ; |top                            ; top         ; work         ;
;    |days:days|                  ; 36 (36)             ; 7 (7)                     ; 0           ; 0            ; 0       ; 0         ; 0    ; 0            ; |top|days:days                  ; days        ; work         ;
;    |decode:decode_day|          ; 14 (14)             ; 0 (0)                     ; 0           ; 0            ; 0       ; 0         ; 0    ; 0            ; |top|decode:decode_day          ; decode      ; work         ;
;    |decode:decode_hour|         ; 14 (14)             ; 0 (0)                     ; 0           ; 0            ; 0       ; 0         ; 0    ; 0            ; |top|decode:decode_hour         ; decode      ; work         ;
;    |decode:decode_min|          ; 14 (14)             ; 0 (0)                     ; 0           ; 0            ; 0       ; 0         ; 0    ; 0            ; |top|decode:decode_min          ; decode      ; work         ;
;    |decode:decode_month|        ; 14 (14)             ; 0 (0)                     ; 0           ; 0            ; 0       ; 0         ; 0    ; 0            ; |top|decode:decode_month        ; decode      ; work         ;
;    |decode:decode_sec|          ; 14 (14)             ; 0 (0)                     ; 0           ; 0            ; 0       ; 0         ; 0    ; 0            ; |top|decode:decode_sec          ; decode      ; work         ;
;    |decode:decode_year|         ; 28 (28)             ; 0 (0)                     ; 0           ; 0            ; 0       ; 0         ; 0    ; 0            ; |top|decode:decode_year         ; decode      ; work         ;
;    |hours:hours|                ; 16 (16)             ; 7 (7)                     ; 0           ; 0            ; 0       ; 0         ; 0    ; 0            ; |top|hours:hours                ; hours       ; work         ;
;    |led7seg:led7seg_tens_min|   ; 8 (8)               ; 0 (0)                     ; 0           ; 0            ; 0       ; 0         ; 0    ; 0            ; |top|led7seg:led7seg_tens_min   ; led7seg     ; work         ;
;    |led7seg:led7seg_tens_sec|   ; 2 (2)               ; 0 (0)                     ; 0           ; 0            ; 0       ; 0         ; 0    ; 0            ; |top|led7seg:led7seg_tens_sec   ; led7seg     ; work         ;
;    |led7seg:led7seg_tens_year|  ; 9 (9)               ; 0 (0)                     ; 0           ; 0            ; 0       ; 0         ; 0    ; 0            ; |top|led7seg:led7seg_tens_year  ; led7seg     ; work         ;
;    |led7seg:led7seg_unit_day|   ; 7 (7)               ; 0 (0)                     ; 0           ; 0            ; 0       ; 0         ; 0    ; 0            ; |top|led7seg:led7seg_unit_day   ; led7seg     ; work         ;
;    |led7seg:led7seg_unit_hour|  ; 7 (7)               ; 0 (0)                     ; 0           ; 0            ; 0       ; 0         ; 0    ; 0            ; |top|led7seg:led7seg_unit_hour  ; led7seg     ; work         ;
;    |led7seg:led7seg_unit_min|   ; 14 (14)             ; 0 (0)                     ; 0           ; 0            ; 0       ; 0         ; 0    ; 0            ; |top|led7seg:led7seg_unit_min   ; led7seg     ; work         ;
;    |led7seg:led7seg_unit_month| ; 7 (7)               ; 0 (0)                     ; 0           ; 0            ; 0       ; 0         ; 0    ; 0            ; |top|led7seg:led7seg_unit_month ; led7seg     ; work         ;
;    |led7seg:led7seg_unit_sec|   ; 7 (7)               ; 0 (0)                     ; 0           ; 0            ; 0       ; 0         ; 0    ; 0            ; |top|led7seg:led7seg_unit_sec   ; led7seg     ; work         ;
;    |led7seg:led7seg_unit_year|  ; 7 (7)               ; 0 (0)                     ; 0           ; 0            ; 0       ; 0         ; 0    ; 0            ; |top|led7seg:led7seg_unit_year  ; led7seg     ; work         ;
;    |minutes:mintues|            ; 16 (16)             ; 7 (7)                     ; 0           ; 0            ; 0       ; 0         ; 0    ; 0            ; |top|minutes:mintues            ; minutes     ; work         ;
;    |months:months|              ; 27 (27)             ; 7 (7)                     ; 0           ; 0            ; 0       ; 0         ; 0    ; 0            ; |top|months:months              ; months      ; work         ;
;    |seconds:seconds|            ; 20 (20)             ; 7 (7)                     ; 0           ; 0            ; 0       ; 0         ; 0    ; 0            ; |top|seconds:seconds            ; seconds     ; work         ;
;    |tick:ticks|                 ; 48 (48)             ; 26 (26)                   ; 0           ; 0            ; 0       ; 0         ; 0    ; 0            ; |top|tick:ticks                 ; tick        ; work         ;
;    |years:years|                ; 9 (9)               ; 7 (7)                     ; 0           ; 0            ; 0       ; 0         ; 0    ; 0            ; |top|years:years                ; years       ; work         ;
+---------------------------------+---------------------+---------------------------+-------------+--------------+---------+-----------+------+--------------+---------------------------------+-------------+--------------+
Note: For table entries with two numbers listed, the numbers in parentheses indicate the number of resources of the given type used by the specific entity alone. The numbers listed outside of parentheses indicate the total resources of the given type used by the specific entity and all of its sub-entities in the hierarchy.


+----------------------------------------------------------------------------------------------------+
; User-Specified and Inferred Latches                                                                ;
+----------------------------------------------------+----------------------+------------------------+
; Latch Name                                         ; Latch Enable Signal  ; Free of Timing Hazards ;
+----------------------------------------------------+----------------------+------------------------+
; seconds:seconds|done                               ; seconds:seconds|done ; yes                    ;
; Number of user-specified and inferred latches = 1  ;                      ;                        ;
+----------------------------------------------------+----------------------+------------------------+
Note: All latches listed above may not be present at the end of synthesis due to various synthesis optimizations.


+------------------------------------------------------+
; General Register Statistics                          ;
+----------------------------------------------+-------+
; Statistic                                    ; Value ;
+----------------------------------------------+-------+
; Total registers                              ; 68    ;
; Number of registers using Synchronous Clear  ; 6     ;
; Number of registers using Synchronous Load   ; 25    ;
; Number of registers using Asynchronous Clear ; 68    ;
; Number of registers using Asynchronous Load  ; 0     ;
; Number of registers using Clock Enable       ; 36    ;
; Number of registers using Preset             ; 0     ;
+----------------------------------------------+-------+


+--------------------------------------------------+
; Inverted Register Statistics                     ;
+----------------------------------------+---------+
; Inverted Register                      ; Fan out ;
+----------------------------------------+---------+
; years:years|years[3]                   ; 19      ;
; years:years|years[4]                   ; 21      ;
; years:years|years[0]                   ; 5       ;
; months:months|months[0]                ; 19      ;
; days:days|days[0]                      ; 11      ;
; Total number of inverted registers = 5 ;         ;
+----------------------------------------+---------+


+------------------------------------------------------------------------------------------------------------------------------------------------+
; Multiplexer Restructuring Statistics (Restructuring Performed)                                                                                 ;
+--------------------+-----------+---------------+----------------------+------------------------+------------+----------------------------------+
; Multiplexer Inputs ; Bus Width ; Baseline Area ; Area if Restructured ; Saving if Restructured ; Registered ; Example Multiplexer Output       ;
+--------------------+-----------+---------------+----------------------+------------------------+------------+----------------------------------+
; 5:1                ; 3 bits    ; 9 LEs         ; 6 LEs                ; 3 LEs                  ; Yes        ; |top|days:days|days[3]           ;
; 4:1                ; 4 bits    ; 8 LEs         ; 4 LEs                ; 4 LEs                  ; Yes        ; |top|years:years|years[1]        ;
; 7:1                ; 3 bits    ; 12 LEs        ; 3 LEs                ; 9 LEs                  ; Yes        ; |top|months:months|months[4]     ;
; 7:1                ; 2 bits    ; 8 LEs         ; 4 LEs                ; 4 LEs                  ; Yes        ; |top|months:months|months[2]     ;
; 7:1                ; 6 bits    ; 24 LEs        ; 12 LEs               ; 12 LEs                 ; Yes        ; |top|seconds:seconds|sec[0]      ;
; 7:1                ; 6 bits    ; 24 LEs        ; 12 LEs               ; 12 LEs                 ; Yes        ; |top|hours:hours|hour[5]         ;
; 7:1                ; 6 bits    ; 24 LEs        ; 12 LEs               ; 12 LEs                 ; Yes        ; |top|minutes:mintues|min[5]      ;
; 4:1                ; 3 bits    ; 6 LEs         ; 3 LEs                ; 3 LEs                  ; Yes        ; |top|years:years|years[0]        ;
; 3:1                ; 2 bits    ; 4 LEs         ; 4 LEs                ; 0 LEs                  ; No         ; |top|hours:hours|hour_next[0]    ;
; 3:1                ; 2 bits    ; 4 LEs         ; 4 LEs                ; 0 LEs                  ; No         ; |top|months:months|month_next[0] ;
; 9:1                ; 6 bits    ; 36 LEs        ; 36 LEs               ; 0 LEs                  ; No         ; |top|led_tens_hour_year          ;
+--------------------+-----------+---------------+----------------------+------------------------+------------+----------------------------------+


+-------------------------------------------------+
; Port Connectivity Checks: "decode:decode_month" ;
+------+-------+----------+-----------------------+
; Port ; Type  ; Severity ; Details               ;
+------+-------+----------+-----------------------+
; a[6] ; Input ; Info     ; Stuck at GND          ;
+------+-------+----------+-----------------------+


+-----------------------------------------------+
; Port Connectivity Checks: "decode:decode_day" ;
+------+-------+----------+---------------------+
; Port ; Type  ; Severity ; Details             ;
+------+-------+----------+---------------------+
; a[6] ; Input ; Info     ; Stuck at GND        ;
+------+-------+----------+---------------------+


+------------------------------------------------+
; Port Connectivity Checks: "decode:decode_hour" ;
+------+-------+----------+----------------------+
; Port ; Type  ; Severity ; Details              ;
+------+-------+----------+----------------------+
; a[6] ; Input ; Info     ; Stuck at GND         ;
+------+-------+----------+----------------------+


+-----------------------------------------------+
; Port Connectivity Checks: "decode:decode_min" ;
+------+-------+----------+---------------------+
; Port ; Type  ; Severity ; Details             ;
+------+-------+----------+---------------------+
; a[6] ; Input ; Info     ; Stuck at GND        ;
+------+-------+----------+---------------------+


+-----------------------------------------------+
; Port Connectivity Checks: "decode:decode_sec" ;
+------+-------+----------+---------------------+
; Port ; Type  ; Severity ; Details             ;
+------+-------+----------+---------------------+
; a[6] ; Input ; Info     ; Stuck at GND        ;
+------+-------+----------+---------------------+


+---------------------------------------------------------------------------------------------------------------------+
; Port Connectivity Checks: "years:years"                                                                             ;
+-----------+--------+----------+-------------------------------------------------------------------------------------+
; Port      ; Type   ; Severity ; Details                                                                             ;
+-----------+--------+----------+-------------------------------------------------------------------------------------+
; done_year ; Output ; Info     ; Connected to dangling logic. Logic that only feeds a dangling port will be removed. ;
+-----------+--------+----------+-------------------------------------------------------------------------------------+


+-----------------------------------------------------+
; Post-Synthesis Netlist Statistics for Top Partition ;
+-----------------------+-----------------------------+
; Type                  ; Count                       ;
+-----------------------+-----------------------------+
; boundary_port         ; 64                          ;
; cycloneiii_ff         ; 68                          ;
;     CLR               ; 28                          ;
;     CLR SCLR          ; 4                           ;
;     ENA CLR           ; 9                           ;
;     ENA CLR SCLR      ; 2                           ;
;     ENA CLR SLD       ; 25                          ;
; cycloneiii_lcell_comb ; 412                         ;
;     arith             ; 56                          ;
;         1 data inputs ; 1                           ;
;         2 data inputs ; 30                          ;
;         3 data inputs ; 25                          ;
;     normal            ; 356                         ;
;         0 data inputs ; 1                           ;
;         1 data inputs ; 6                           ;
;         2 data inputs ; 39                          ;
;         3 data inputs ; 87                          ;
;         4 data inputs ; 223                         ;
;                       ;                             ;
; Max LUT depth         ; 6.00                        ;
; Average LUT depth     ; 3.97                        ;
+-----------------------+-----------------------------+


+-------------------------------+
; Elapsed Time Per Partition    ;
+----------------+--------------+
; Partition Name ; Elapsed Time ;
+----------------+--------------+
; Top            ; 00:00:01     ;
+----------------+--------------+


+-------------------------------+
; Analysis & Synthesis Messages ;
+-------------------------------+
Info: *******************************************************************
Info: Running Quartus Prime Analysis & Synthesis
    Info: Version 23.1std.0 Build 991 11/28/2023 SC Lite Edition
    Info: Processing started: Tue Aug 12 09:22:17 2025
Info: Command: quartus_map --read_settings_files=on --write_settings_files=off top -c top
Warning (18236): Number of processors has not been specified which may cause overloading on shared machines.  Set the global assignment NUM_PARALLEL_PROCESSORS in your QSF to an appropriate value for best performance.
Info (20030): Parallel compilation is enabled and will use 16 of the 16 processors detected
Info (12021): Found 1 design units, including 1 entities, in source file /digital_design/fpga_trainning/clock_centry/hdl/year/years.v
    Info (12023): Found entity 1: years File: D:/DIGITAL_DESIGN/FPGA_trainning/clock_centry/hdl/year/years.v Line: 1
Info (12021): Found 1 design units, including 1 entities, in source file /digital_design/fpga_trainning/clock_centry/hdl/top/top.v
    Info (12023): Found entity 1: top File: D:/DIGITAL_DESIGN/FPGA_trainning/clock_centry/hdl/top/top.v Line: 1
Info (12021): Found 1 design units, including 1 entities, in source file /digital_design/fpga_trainning/clock_centry/hdl/second/tick.v
    Info (12023): Found entity 1: tick File: D:/DIGITAL_DESIGN/FPGA_trainning/clock_centry/hdl/second/tick.v Line: 1
Info (12021): Found 1 design units, including 1 entities, in source file /digital_design/fpga_trainning/clock_centry/hdl/second/seconds.v
    Info (12023): Found entity 1: seconds File: D:/DIGITAL_DESIGN/FPGA_trainning/clock_centry/hdl/second/seconds.v Line: 1
Info (12021): Found 1 design units, including 1 entities, in source file /digital_design/fpga_trainning/clock_centry/hdl/month/months.v
    Info (12023): Found entity 1: months File: D:/DIGITAL_DESIGN/FPGA_trainning/clock_centry/hdl/month/months.v Line: 1
Info (12021): Found 1 design units, including 1 entities, in source file /digital_design/fpga_trainning/clock_centry/hdl/minute/minutes.v
    Info (12023): Found entity 1: minutes File: D:/DIGITAL_DESIGN/FPGA_trainning/clock_centry/hdl/minute/minutes.v Line: 1
Info (12021): Found 1 design units, including 1 entities, in source file /digital_design/fpga_trainning/clock_centry/hdl/led7/led7seg.v
    Info (12023): Found entity 1: led7seg File: D:/DIGITAL_DESIGN/FPGA_trainning/clock_centry/hdl/led7/led7seg.v Line: 1
Info (12021): Found 1 design units, including 1 entities, in source file /digital_design/fpga_trainning/clock_centry/hdl/led7/decode.v
    Info (12023): Found entity 1: decode File: D:/DIGITAL_DESIGN/FPGA_trainning/clock_centry/hdl/led7/decode.v Line: 1
Info (12021): Found 1 design units, including 1 entities, in source file /digital_design/fpga_trainning/clock_centry/hdl/hour/hours.v
    Info (12023): Found entity 1: hours File: D:/DIGITAL_DESIGN/FPGA_trainning/clock_centry/hdl/hour/hours.v Line: 1
Info (12021): Found 1 design units, including 1 entities, in source file /digital_design/fpga_trainning/clock_centry/hdl/day/days.v
    Info (12023): Found entity 1: days File: D:/DIGITAL_DESIGN/FPGA_trainning/clock_centry/hdl/day/days.v Line: 1
Info (12127): Elaborating entity "top" for the top level hierarchy
Info (12128): Elaborating entity "tick" for hierarchy "tick:ticks" File: D:/DIGITAL_DESIGN/FPGA_trainning/clock_centry/hdl/top/top.v Line: 72
Info (12128): Elaborating entity "seconds" for hierarchy "seconds:seconds" File: D:/DIGITAL_DESIGN/FPGA_trainning/clock_centry/hdl/top/top.v Line: 82
Warning (10240): Verilog HDL Always Construct warning at seconds.v(35): inferring latch(es) for variable "done", which holds its previous value in one or more paths through the always construct File: D:/DIGITAL_DESIGN/FPGA_trainning/clock_centry/hdl/second/seconds.v Line: 35
Info (10041): Inferred latch for "done" at seconds.v(50) File: D:/DIGITAL_DESIGN/FPGA_trainning/clock_centry/hdl/second/seconds.v Line: 50
Info (12128): Elaborating entity "minutes" for hierarchy "minutes:mintues" File: D:/DIGITAL_DESIGN/FPGA_trainning/clock_centry/hdl/top/top.v Line: 94
Info (12128): Elaborating entity "hours" for hierarchy "hours:hours" File: D:/DIGITAL_DESIGN/FPGA_trainning/clock_centry/hdl/top/top.v Line: 105
Info (12128): Elaborating entity "days" for hierarchy "days:days" File: D:/DIGITAL_DESIGN/FPGA_trainning/clock_centry/hdl/top/top.v Line: 118
Warning (10230): Verilog HDL assignment warning at days.v(63): truncated value with size 32 to match size of target (6) File: D:/DIGITAL_DESIGN/FPGA_trainning/clock_centry/hdl/day/days.v Line: 63
Info (12128): Elaborating entity "months" for hierarchy "months:months" File: D:/DIGITAL_DESIGN/FPGA_trainning/clock_centry/hdl/top/top.v Line: 129
Info (12128): Elaborating entity "years" for hierarchy "years:years" File: D:/DIGITAL_DESIGN/FPGA_trainning/clock_centry/hdl/top/top.v Line: 140
Info (12128): Elaborating entity "decode" for hierarchy "decode:decode_sec" File: D:/DIGITAL_DESIGN/FPGA_trainning/clock_centry/hdl/top/top.v Line: 151
Info (12128): Elaborating entity "led7seg" for hierarchy "led7seg:led7seg_unit_sec" File: D:/DIGITAL_DESIGN/FPGA_trainning/clock_centry/hdl/top/top.v Line: 180
Info (276014): Found 12 instances of uninferred RAM logic
    Info (276004): RAM logic "decode:decode_sec|Ram0" is uninferred due to inappropriate RAM size File: D:/DIGITAL_DESIGN/FPGA_trainning/clock_centry/hdl/led7/decode.v Line: 8
    Info (276004): RAM logic "decode:decode_month|Ram0" is uninferred due to inappropriate RAM size File: D:/DIGITAL_DESIGN/FPGA_trainning/clock_centry/hdl/led7/decode.v Line: 8
    Info (276004): RAM logic "decode:decode_sec|Ram1" is uninferred due to inappropriate RAM size File: D:/DIGITAL_DESIGN/FPGA_trainning/clock_centry/hdl/led7/decode.v Line: 8
    Info (276004): RAM logic "decode:decode_month|Ram1" is uninferred due to inappropriate RAM size File: D:/DIGITAL_DESIGN/FPGA_trainning/clock_centry/hdl/led7/decode.v Line: 8
    Info (276004): RAM logic "decode:decode_day|Ram0" is uninferred due to inappropriate RAM size File: D:/DIGITAL_DESIGN/FPGA_trainning/clock_centry/hdl/led7/decode.v Line: 8
    Info (276004): RAM logic "decode:decode_day|Ram1" is uninferred due to inappropriate RAM size File: D:/DIGITAL_DESIGN/FPGA_trainning/clock_centry/hdl/led7/decode.v Line: 8
    Info (276004): RAM logic "decode:decode_hour|Ram0" is uninferred due to inappropriate RAM size File: D:/DIGITAL_DESIGN/FPGA_trainning/clock_centry/hdl/led7/decode.v Line: 8
    Info (276004): RAM logic "decode:decode_year|Ram0" is uninferred due to inappropriate RAM size File: D:/DIGITAL_DESIGN/FPGA_trainning/clock_centry/hdl/led7/decode.v Line: 8
    Info (276004): RAM logic "decode:decode_hour|Ram1" is uninferred due to inappropriate RAM size File: D:/DIGITAL_DESIGN/FPGA_trainning/clock_centry/hdl/led7/decode.v Line: 8
    Info (276004): RAM logic "decode:decode_year|Ram1" is uninferred due to inappropriate RAM size File: D:/DIGITAL_DESIGN/FPGA_trainning/clock_centry/hdl/led7/decode.v Line: 8
    Info (276004): RAM logic "decode:decode_min|Ram0" is uninferred due to inappropriate RAM size File: D:/DIGITAL_DESIGN/FPGA_trainning/clock_centry/hdl/led7/decode.v Line: 8
    Info (276004): RAM logic "decode:decode_min|Ram1" is uninferred due to inappropriate RAM size File: D:/DIGITAL_DESIGN/FPGA_trainning/clock_centry/hdl/led7/decode.v Line: 8
Warning (13012): Latch seconds:seconds|done has unsafe behavior File: D:/DIGITAL_DESIGN/FPGA_trainning/clock_centry/hdl/second/seconds.v Line: 14
    Warning (13013): Ports D and ENA on the latch are fed by the same signal display File: D:/DIGITAL_DESIGN/FPGA_trainning/clock_centry/hdl/top/top.v Line: 4
Info (13000): Registers with preset signals will power-up high File: D:/DIGITAL_DESIGN/FPGA_trainning/clock_centry/hdl/month/months.v Line: 20
Info (13003): DEV_CLRn pin will set, and not reset, register with preset signal due to NOT Gate Push-Back
Info (286030): Timing-Driven Synthesis is running
Info (144001): Generated suppressed messages file D:/DIGITAL_DESIGN/FPGA_trainning/clock_centry/quartus/output_files/top.map.smsg
Info (16010): Generating hard_block partition "hard_block:auto_generated_inst"
    Info (16011): Adding 0 node(s), including 0 DDIO, 0 PLL, 0 transceiver and 0 LCELL
Info (21057): Implemented 472 device resources after synthesis - the final resource count might be different
    Info (21058): Implemented 8 input pins
    Info (21059): Implemented 56 output pins
    Info (21061): Implemented 408 logic cells
Info: Quartus Prime Analysis & Synthesis was successful. 0 errors, 5 warnings
    Info: Peak virtual memory: 4906 megabytes
    Info: Processing ended: Tue Aug 12 09:22:50 2025
    Info: Elapsed time: 00:00:33
    Info: Total CPU time (on all processors): 00:00:45


+------------------------------------------+
; Analysis & Synthesis Suppressed Messages ;
+------------------------------------------+
The suppressed messages can be found in D:/DIGITAL_DESIGN/FPGA_trainning/clock_centry/quartus/output_files/top.map.smsg.


